<?xml version="1.0" encoding="UTF-8"?>
<!-- Generated by org.testng.reporters.JUnitReportReporter -->
<testsuite skipped="0" hostname="DESKTOP-6SPQFJJ" name="TestNG.Demo4" tests="3" failures="0" timestamp="2020-09-09T08:42:12 PDT" time="0.018" errors="0">
  <testcase name="WebLoginCarLoan" time="0.003" classname="TestNG.Demo4"/>
  <system-out/>
  <testcase name="LoginAPICarLoan" time="0.011" classname="TestNG.Demo4"/>
  <system-out/>
  <testcase name="MobileLoginCarLoan" time="0.004" classname="TestNG.Demo4"/>
  <system-out/>
</testsuite> <!-- TestNG.Demo4 -->
