<?xml version="1.0" encoding="UTF-8"?>
<!-- Generated by org.testng.reporters.JUnitReportReporter -->
<testsuite skipped="0" hostname="DESKTOP-6SPQFJJ" name="TestNG.Sample4" tests="3" failures="0" timestamp="2020-09-09T08:42:12 PDT" time="0.004" errors="0">
  <testcase name="MobileLoginCarLoan" time="0.001" classname="TestNG.Sample4"/>
  <system-out/>
  <testcase name="LoginAPICarLoan" time="0.002" classname="TestNG.Sample4"/>
  <system-out/>
  <testcase name="WebLoginCarLoan" time="0.001" classname="TestNG.Sample4"/>
  <system-out/>
</testsuite> <!-- TestNG.Sample4 -->
