<?xml version="1.0" encoding="UTF-8"?>
<!-- Generated by org.testng.reporters.JUnitReportReporter -->
<testsuite skipped="0" hostname="DESKTOP-6SPQFJJ" name="TestNG.Sample2" tests="1" failures="0" timestamp="2020-09-09T08:42:12 PDT" time="0.003" errors="0">
  <testcase name="Demo3" time="0.003" classname="TestNG.Sample2"/>
  <system-out/>
</testsuite> <!-- TestNG.Sample2 -->
