<?xml version="1.0" encoding="UTF-8"?>
<!-- Generated by org.testng.reporters.JUnitReportReporter -->
<testsuite skipped="0" hostname="DESKTOP-6SPQFJJ" name="TestNG.Sample1" tests="2" failures="0" timestamp="2020-09-09T08:42:12 PDT" time="0.003" errors="0">
  <testcase name="Demo" time="0.002" classname="TestNG.Sample1"/>
  <system-out/>
  <testcase name="Demo2" time="0.001" classname="TestNG.Sample1"/>
  <system-out/>
</testsuite> <!-- TestNG.Sample1 -->
